This is pdfTeX, Version 3.14159265-2.6-1.40.20 (TeX Live 2019/Debian) (preloaded format=pdflatex 2022.1.29)  3 APR 2022 19:56
entering extended mode
 \write18 enabled.
 %&-line parsing enabled.
**relazione.tex
(./relazione.tex
LaTeX2e <2020-02-02> patch level 2
L3 programming layer <2020-02-14>
(/usr/share/texlive/texmf-dist/tex/latex/base/book.cls
Document Class: book 2019/12/20 v1.4l Standard LaTeX document class
(/usr/share/texlive/texmf-dist/tex/latex/base/bk12.clo
File: bk12.clo 2019/12/20 v1.4l Standard LaTeX file (size option)
)
\c@part=\count167
\c@chapter=\count168
\c@section=\count169
\c@subsection=\count170
\c@subsubsection=\count171
\c@paragraph=\count172
\c@subparagraph=\count173
\c@figure=\count174
\c@table=\count175
\abovecaptionskip=\skip47
\belowcaptionskip=\skip48
\bibindent=\dimen134
)
(/usr/share/texmf/tex/latex/frontespizio.sty
Package: frontespizio 2011/09/21 1.4a (Enrico Gregorio)

(/usr/share/texlive/texmf-dist/tex/latex/tools/afterpage.sty
Package: afterpage 2014/10/28 v1.08 After-Page Package (DPC)
\AP@output=\toks14
\AP@partial=\box45
\AP@footins=\box46
)
(/usr/share/texlive/texmf-dist/tex/latex/graphics/graphicx.sty
Package: graphicx 2019/11/30 v1.2a Enhanced LaTeX Graphics (DPC,SPQR)

(/usr/share/texlive/texmf-dist/tex/latex/graphics/keyval.sty
Package: keyval 2014/10/28 v1.15 key=value parser (DPC)
\KV@toks@=\toks15
)
(/usr/share/texlive/texmf-dist/tex/latex/graphics/graphics.sty
Package: graphics 2019/11/30 v1.4a Standard LaTeX Graphics (DPC,SPQR)

(/usr/share/texlive/texmf-dist/tex/latex/graphics/trig.sty
Package: trig 2016/01/03 v1.10 sin cos tan (DPC)
)
(/usr/share/texlive/texmf-dist/tex/latex/graphics-cfg/graphics.cfg
File: graphics.cfg 2016/06/04 v1.11 sample graphics configuration
)
Package graphics Info: Driver file: pdftex.def on input line 105.

(/usr/share/texlive/texmf-dist/tex/latex/graphics-def/pdftex.def
File: pdftex.def 2018/01/08 v1.0l Graphics/color driver for pdftex
))
\Gin@req@height=\dimen135
\Gin@req@width=\dimen136
)
(/usr/share/texlive/texmf-dist/tex/generic/atbegshi/atbegshi.sty
Package: atbegshi 2019/12/05 v1.19 At begin shipout hook (HO)

(/usr/share/texlive/texmf-dist/tex/generic/infwarerr/infwarerr.sty
Package: infwarerr 2019/12/03 v1.5 Providing info/warning/error messages (HO)
)
(/usr/share/texlive/texmf-dist/tex/generic/ltxcmds/ltxcmds.sty
Package: ltxcmds 2019/12/15 v1.24 LaTeX kernel commands for general use (HO)
)
(/usr/share/texlive/texmf-dist/tex/generic/iftex/iftex.sty
Package: iftex 2019/11/07 v1.0c TeX engine tests
))
(/usr/share/texlive/texmf-dist/tex/latex/environ/environ.sty
Package: environ 2014/05/04 v0.3 A new way to define environments

(/usr/share/texlive/texmf-dist/tex/latex/trimspaces/trimspaces.sty
Package: trimspaces 2009/09/17 v1.1 Trim spaces around a token list
)
\@envbody=\toks16
)
(/usr/share/texlive/texmf-dist/tex/generic/iftex/ifpdf.sty
Package: ifpdf 2019/10/25 v3.4 ifpdf legacy package. Use iftex instead.
)
(/usr/share/texlive/texmf-dist/tex/generic/iftex/ifxetex.sty
Package: ifxetex 2019/10/25 v0.7 ifxetex legacy package. Use iftex instead.
)
\front@out=\write3
\openout3 = `relazione-frn.tex'.

)
(/usr/share/texlive/texmf-dist/tex/latex/geometry/geometry.sty
Package: geometry 2020/01/02 v5.9 Page Geometry

(/usr/share/texlive/texmf-dist/tex/generic/iftex/ifvtex.sty
Package: ifvtex 2019/10/25 v1.7 ifvtex legacy package. Use iftex instead.
)
\Gm@cnth=\count176
\Gm@cntv=\count177
\c@Gm@tempcnt=\count178
\Gm@bindingoffset=\dimen137
\Gm@wd@mp=\dimen138
\Gm@odd@mp=\dimen139
\Gm@even@mp=\dimen140
\Gm@layoutwidth=\dimen141
\Gm@layoutheight=\dimen142
\Gm@layouthoffset=\dimen143
\Gm@layoutvoffset=\dimen144
\Gm@dimlist=\toks17
)
(/usr/share/texmf/tex/latex/lm/lmodern.sty
Package: lmodern 2009/10/30 v1.6 Latin Modern Fonts
LaTeX Font Info:    Overwriting symbol font `operators' in version `normal'
(Font)                  OT1/cmr/m/n --> OT1/lmr/m/n on input line 22.
LaTeX Font Info:    Overwriting symbol font `letters' in version `normal'
(Font)                  OML/cmm/m/it --> OML/lmm/m/it on input line 23.
LaTeX Font Info:    Overwriting symbol font `symbols' in version `normal'
(Font)                  OMS/cmsy/m/n --> OMS/lmsy/m/n on input line 24.
LaTeX Font Info:    Overwriting symbol font `largesymbols' in version `normal'
(Font)                  OMX/cmex/m/n --> OMX/lmex/m/n on input line 25.
LaTeX Font Info:    Overwriting symbol font `operators' in version `bold'
(Font)                  OT1/cmr/bx/n --> OT1/lmr/bx/n on input line 26.
LaTeX Font Info:    Overwriting symbol font `letters' in version `bold'
(Font)                  OML/cmm/b/it --> OML/lmm/b/it on input line 27.
LaTeX Font Info:    Overwriting symbol font `symbols' in version `bold'
(Font)                  OMS/cmsy/b/n --> OMS/lmsy/b/n on input line 28.
LaTeX Font Info:    Overwriting symbol font `largesymbols' in version `bold'
(Font)                  OMX/cmex/m/n --> OMX/lmex/m/n on input line 29.
LaTeX Font Info:    Overwriting math alphabet `\mathbf' in version `normal'
(Font)                  OT1/cmr/bx/n --> OT1/lmr/bx/n on input line 31.
LaTeX Font Info:    Overwriting math alphabet `\mathsf' in version `normal'
(Font)                  OT1/cmss/m/n --> OT1/lmss/m/n on input line 32.
LaTeX Font Info:    Overwriting math alphabet `\mathit' in version `normal'
(Font)                  OT1/cmr/m/it --> OT1/lmr/m/it on input line 33.
LaTeX Font Info:    Overwriting math alphabet `\mathtt' in version `normal'
(Font)                  OT1/cmtt/m/n --> OT1/lmtt/m/n on input line 34.
LaTeX Font Info:    Overwriting math alphabet `\mathbf' in version `bold'
(Font)                  OT1/cmr/bx/n --> OT1/lmr/bx/n on input line 35.
LaTeX Font Info:    Overwriting math alphabet `\mathsf' in version `bold'
(Font)                  OT1/cmss/bx/n --> OT1/lmss/bx/n on input line 36.
LaTeX Font Info:    Overwriting math alphabet `\mathit' in version `bold'
(Font)                  OT1/cmr/bx/it --> OT1/lmr/bx/it on input line 37.
LaTeX Font Info:    Overwriting math alphabet `\mathtt' in version `bold'
(Font)                  OT1/cmtt/m/n --> OT1/lmtt/m/n on input line 38.
)
(/usr/share/texlive/texmf-dist/tex/latex/minted/minted.sty
Package: minted 2017/07/19 v2.5 Yet another Pygments shim for LaTeX

(/usr/share/texlive/texmf-dist/tex/latex/kvoptions/kvoptions.sty
Package: kvoptions 2019/11/29 v3.13 Key value format for package options (HO)

(/usr/share/texlive/texmf-dist/tex/generic/kvsetkeys/kvsetkeys.sty
Package: kvsetkeys 2019/12/15 v1.18 Key value parser (HO)
))
(/usr/share/texlive/texmf-dist/tex/latex/fvextra/fvextra.sty
Package: fvextra 2019/02/04 v1.4 fvextra - extensions and patches for fancyvrb

(/usr/share/texlive/texmf-dist/tex/latex/base/ifthen.sty
Package: ifthen 2014/09/29 v1.1c Standard LaTeX ifthen package (DPC)
)
(/usr/share/texlive/texmf-dist/tex/latex/etoolbox/etoolbox.sty
Package: etoolbox 2019/09/21 v2.5h e-TeX tools for LaTeX (JAW)
\etb@tempcnta=\count179
)
(/usr/share/texlive/texmf-dist/tex/latex/fancyvrb/fancyvrb.sty
Package: fancyvrb 2020/01/13 v3.5 verbatim text (tvz,hv)
\FV@CodeLineNo=\count180
\FV@InFile=\read2
\FV@TabBox=\box47
\c@FancyVerbLine=\count181
\FV@StepNumber=\count182
\FV@OutFile=\write4
)
(/usr/share/texlive/texmf-dist/tex/latex/upquote/upquote.sty
Package: upquote 2012/04/19 v1.3 upright-quote and grave-accent glyphs in verba
tim

(/usr/share/texlive/texmf-dist/tex/latex/base/textcomp.sty
Package: textcomp 2020/02/02 v2.0n Standard LaTeX package
))
(/usr/share/texlive/texmf-dist/tex/latex/lineno/lineno.sty
Package: lineno 2005/11/02 line numbers on paragraphs v4.41
\linenopenalty=\count183
\output=\toks18
\linenoprevgraf=\count184
\linenumbersep=\dimen145
\linenumberwidth=\dimen146
\c@linenumber=\count185
\c@pagewiselinenumber=\count186
\c@LN@truepage=\count187
\c@internallinenumber=\count188
\c@internallinenumbers=\count189
\quotelinenumbersep=\dimen147
\bframerule=\dimen148
\bframesep=\dimen149
\bframebox=\box48
LaTeX Info: Redefining \\ on input line 3056.
)
\c@FV@TrueTabGroupLevel=\count190
\c@FV@TrueTabCounter=\count191
\FV@TabBox@Group=\box49
\FV@TmpLength=\skip49
\c@FV@HighlightLinesStart=\count192
\c@FV@HighlightLinesStop=\count193
\FV@LoopCount=\count194
\FV@NCharsBox=\box50
\FV@BreakIndent=\dimen150
\FV@BreakIndentNChars=\count195
\FV@BreakSymbolSepLeft=\dimen151
\FV@BreakSymbolSepLeftNChars=\count196
\FV@BreakSymbolSepRight=\dimen152
\FV@BreakSymbolSepRightNChars=\count197
\FV@BreakSymbolIndentLeft=\dimen153
\FV@BreakSymbolIndentLeftNChars=\count198
\FV@BreakSymbolIndentRight=\dimen154
\FV@BreakSymbolIndentRightNChars=\count199
\c@FancyVerbLineBreakLast=\count266
\FV@LineBox=\box51
\FV@LineIndentBox=\box52
\FV@LineWidth=\dimen155
)
(/usr/share/texlive/texmf-dist/tex/latex/tools/calc.sty
Package: calc 2017/05/25 v4.3 Infix arithmetic (KKT,FJ)
\calc@Acount=\count267
\calc@Bcount=\count268
\calc@Adimen=\dimen156
\calc@Bdimen=\dimen157
\calc@Askip=\skip50
\calc@Bskip=\skip51
LaTeX Info: Redefining \setlength on input line 80.
LaTeX Info: Redefining \addtolength on input line 81.
\calc@Ccount=\count269
\calc@Cskip=\skip52
)
(/usr/share/texlive/texmf-dist/tex/latex/tools/shellesc.sty
Package: shellesc 2019/11/08 v1.0c unified shell escape interface for LaTeX
Package shellesc Info: Unrestricted shell escape enabled on input line 75.
)
(/usr/share/texlive/texmf-dist/tex/latex/ifplatform/ifplatform.sty
Package: ifplatform 2017/10/13 v0.4a Testing for the operating system

(/usr/share/texlive/texmf-dist/tex/latex/pdftexcmds/pdftexcmds.sty
Package: pdftexcmds 2019/11/24 v0.31 Utility functions of pdfTeX for LuaTeX (HO
)
Package pdftexcmds Info: \pdf@primitive is available.
Package pdftexcmds Info: \pdf@ifprimitive is available.
Package pdftexcmds Info: \pdfdraftmode found.
)
(/usr/share/texlive/texmf-dist/tex/generic/catchfile/catchfile.sty
Package: catchfile 2019/12/09 v1.8 Catch the contents of a file (HO)

(/usr/share/texlive/texmf-dist/tex/generic/etexcmds/etexcmds.sty
Package: etexcmds 2019/12/15 v1.7 Avoid name clashes with e-TeX commands (HO)
))
(/usr/share/texlive/texmf-dist/tex/generic/iftex/ifluatex.sty
Package: ifluatex 2019/10/25 v1.5 ifluatex legacy package. Use iftex instead.
)
runsystem(uname -s > "relazione.w18")...executed.

 (./relazione.w18)
runsystem(rm -- "relazione.w18")...executed.

) (/usr/share/texlive/texmf-dist/tex/generic/xstring/xstring.sty
(/usr/share/texlive/texmf-dist/tex/generic/xstring/xstring.tex
\integerpart=\count270
\decimalpart=\count271
)
Package: xstring 2019/02/06 v1.83 String manipulations (CT)
)
(/usr/share/texlive/texmf-dist/tex/latex/framed/framed.sty
Package: framed 2011/10/22 v 0.96: framed or shaded text with page breaks
\OuterFrameSep=\skip53
\fb@frw=\dimen158
\fb@frh=\dimen159
\FrameRule=\dimen160
\FrameSep=\dimen161
)
(/usr/share/texlive/texmf-dist/tex/latex/float/float.sty
Package: float 2001/11/08 v1.3d Float enhancements (AL)
\c@float@type=\count272
\float@exts=\toks19
\float@box=\box53
\@float@everytoks=\toks20
\@floatcapt=\box54
)
\minted@appexistsfile=\read3
\minted@bgbox=\box55
\minted@code=\write5
\c@minted@FancyVerbLineTemp=\count273
\c@minted@pygmentizecounter=\count274
\@float@every@listing=\toks21
\c@listing=\count275
)
(/usr/share/texlive/texmf-dist/tex/generic/babel/babel.sty
Package: babel 2020/02/14 3.40 The Babel package

(/usr/share/texlive/texmf-dist/tex/generic/babel/switch.def
File: switch.def 2020/02/14 3.40 Babel switching mechanism
)
(/usr/share/texlive/texmf-dist/tex/generic/babel-italian/italian.ldf
Language: italian 2019/11/16 v.1.4.03 Italian support for the babel system

(/usr/share/texlive/texmf-dist/tex/generic/babel/babel.def
File: babel.def 2020/02/14 3.40 Babel common definitions
\babel@savecnt=\count276
\U@D=\dimen162

(/usr/share/texlive/texmf-dist/tex/generic/babel/txtbabel.def)
\bbl@readstream=\read4
\bbl@dirlevel=\count277
)
\it@lettering=\count278
\it@doublequoteactive=\count279
\it@ISOcompliance=\count280
))
(/usr/share/texlive/texmf-dist/tex/latex/xcolor/xcolor.sty
Package: xcolor 2016/05/11 v2.12 LaTeX color extensions (UK)

(/usr/share/texlive/texmf-dist/tex/latex/graphics-cfg/color.cfg
File: color.cfg 2016/01/02 v1.6 sample color configuration
)
Package xcolor Info: Driver file: pdftex.def on input line 225.
Package xcolor Info: Model `cmy' substituted by `cmy0' on input line 1348.
Package xcolor Info: Model `hsb' substituted by `rgb' on input line 1352.
Package xcolor Info: Model `RGB' extended on input line 1364.
Package xcolor Info: Model `HTML' substituted by `rgb' on input line 1366.
Package xcolor Info: Model `Hsb' substituted by `hsb' on input line 1367.
Package xcolor Info: Model `tHsb' substituted by `hsb' on input line 1368.
Package xcolor Info: Model `HSB' substituted by `hsb' on input line 1369.
Package xcolor Info: Model `Gray' substituted by `gray' on input line 1370.
Package xcolor Info: Model `wave' substituted by `hsb' on input line 1371.

(/usr/share/texlive/texmf-dist/tex/latex/graphics/dvipsnam.def
File: dvipsnam.def 2016/06/17 v3.0m Driver-dependent file (DPC,SPQR)
))
(/usr/share/texlive/texmf-dist/tex/latex/imakeidx/imakeidx.sty
Package: imakeidx 2016/10/15 v1.3e Package for typesetting indices in a synchro
nous mode

(/usr/share/texlive/texmf-dist/tex/latex/xkeyval/xkeyval.sty
Package: xkeyval 2014/12/03 v2.7a package option processing (HA)

(/usr/share/texlive/texmf-dist/tex/generic/xkeyval/xkeyval.tex
(/usr/share/texlive/texmf-dist/tex/generic/xkeyval/xkvutils.tex
\XKV@toks=\toks22
\XKV@tempa@toks=\toks23
)
\XKV@depth=\count281
File: xkeyval.tex 2014/12/03 v2.7a key=value parser (HA)
))
(/usr/share/texlive/texmf-dist/tex/latex/tools/multicol.sty
Package: multicol 2019/12/09 v1.8y multicolumn formatting (FMi)
\c@tracingmulticols=\count282
\mult@box=\box56
\multicol@leftmargin=\dimen163
\c@unbalance=\count283
\c@collectmore=\count284
\doublecol@number=\count285
\multicoltolerance=\count286
\multicolpretolerance=\count287
\full@width=\dimen164
\page@free=\dimen165
\premulticols=\dimen166
\postmulticols=\dimen167
\multicolsep=\skip54
\multicolbaselineskip=\skip55
\partial@page=\box57
\last@line=\box58
\maxbalancingoverflow=\dimen168
\mult@rightbox=\box59
\mult@grightbox=\box60
\mult@gfirstbox=\box61
\mult@firstbox=\box62
\@tempa=\box63
\@tempa=\box64
\@tempa=\box65
\@tempa=\box66
\@tempa=\box67
\@tempa=\box68
\@tempa=\box69
\@tempa=\box70
\@tempa=\box71
\@tempa=\box72
\@tempa=\box73
\@tempa=\box74
\@tempa=\box75
\@tempa=\box76
\@tempa=\box77
\@tempa=\box78
\@tempa=\box79
\@tempa=\box80
\@tempa=\box81
\@tempa=\box82
\@tempa=\box83
\@tempa=\box84
\@tempa=\box85
\@tempa=\box86
\@tempa=\box87
\@tempa=\box88
\@tempa=\box89
\@tempa=\box90
\@tempa=\box91
\@tempa=\box92
\@tempa=\box93
\@tempa=\box94
\@tempa=\box95
\@tempa=\box96
\@tempa=\box97
\@tempa=\box98
\@tempa=\box99
\c@minrows=\count288
\c@columnbadness=\count289
\c@finalcolumnbadness=\count290
\last@try=\dimen169
\multicolovershoot=\dimen170
\multicolundershoot=\dimen171
\mult@nat@firstbox=\box100
\colbreak@box=\box101
\mc@col@check@num=\count291
))
(/usr/share/texlive/texmf-dist/tex/latex/subfig/subfig.sty
Package: subfig 2005/06/28 ver: 1.3 subfig package

(/usr/share/texlive/texmf-dist/tex/latex/caption/caption.sty
Package: caption 2020/01/03 v3.4h Customizing captions (AR)

(/usr/share/texlive/texmf-dist/tex/latex/caption/caption3.sty
Package: caption3 2020/01/03 v1.8h caption3 kernel (AR)
Package caption3 Info: TeX engine: e-TeX on input line 61.
\captionmargin=\dimen172
\captionmargin@=\dimen173
\captionwidth=\dimen174
\caption@tempdima=\dimen175
\caption@indent=\dimen176
\caption@parindent=\dimen177
\caption@hangindent=\dimen178
Package caption Info: Standard document class detected.
)
\c@caption@flags=\count292
\c@continuedfloat=\count293
Package caption Info: float package is loaded.
)
\c@KVtest=\count294
\sf@farskip=\skip56
\sf@captopadj=\dimen179
\sf@capskip=\skip57
\sf@nearskip=\skip58
\c@subfigure=\count295
\c@subfigure@save=\count296
\c@lofdepth=\count297
\c@subtable=\count298
\c@subtable@save=\count299
\c@lotdepth=\count300
\sf@top=\skip59
\sf@bottom=\skip60
)
(/usr/share/texlive/texmf-dist/tex/latex/setspace/setspace.sty
Package: setspace 2011/12/19 v6.7a set line spacing
)
\relazione@idxfile=\write6
\openout6 = `relazione.idx'.


Writing index file relazione.idx
runsystem(which pygmentize && touch relazione.aex)...executed.

runsystem(rm relazione.aex)...executed.

(/usr/share/texlive/texmf-dist/tex/latex/l3backend/l3backend-pdfmode.def
File: l3backend-pdfmode.def 2020-02-03 L3 backend support: PDF mode
\l__kernel_color_stack_int=\count301
\l__pdf_internal_box=\box102
)
(./relazione.aux)
\openout1 = `relazione.aux'.

LaTeX Font Info:    Checking defaults for OML/cmm/m/it on input line 17.
LaTeX Font Info:    ... okay on input line 17.
LaTeX Font Info:    Checking defaults for OMS/cmsy/m/n on input line 17.
LaTeX Font Info:    ... okay on input line 17.
LaTeX Font Info:    Checking defaults for OT1/cmr/m/n on input line 17.
LaTeX Font Info:    ... okay on input line 17.
LaTeX Font Info:    Checking defaults for T1/cmr/m/n on input line 17.
LaTeX Font Info:    ... okay on input line 17.
LaTeX Font Info:    Checking defaults for TS1/cmr/m/n on input line 17.
LaTeX Font Info:    ... okay on input line 17.
LaTeX Font Info:    Checking defaults for OMX/cmex/m/n on input line 17.
LaTeX Font Info:    ... okay on input line 17.
LaTeX Font Info:    Checking defaults for U/cmr/m/n on input line 17.
LaTeX Font Info:    ... okay on input line 17.
LaTeX Font Info:    Trying to load font information for OT1+lmr on input line 1
7.
 (/usr/share/texmf/tex/latex/lm/ot1lmr.fd
File: ot1lmr.fd 2009/10/30 v1.6 Font defs for Latin Modern
)
(/usr/share/texlive/texmf-dist/tex/context/base/mkii/supp-pdf.mkii
[Loading MPS to PDF converter (version 2006.09.02).]
\scratchcounter=\count302
\scratchdimen=\dimen180
\scratchbox=\box103
\nofMPsegments=\count303
\nofMParguments=\count304
\everyMPshowfont=\toks24
\MPscratchCnt=\count305
\MPscratchDim=\dimen181
\MPnumerator=\count306
\makeMPintoPDFobject=\count307
\everyMPtoPDFconversion=\toks25
) (/usr/share/texlive/texmf-dist/tex/latex/epstopdf-pkg/epstopdf-base.sty
Package: epstopdf-base 2020-01-24 v2.11 Base part for package epstopdf
Package epstopdf-base Info: Redefining graphics rule for `.eps' on input line 4
85.

(/usr/share/texlive/texmf-dist/tex/latex/latexconfig/epstopdf-sys.cfg
File: epstopdf-sys.cfg 2010/07/13 v1.3 Configuration of (r)epstopdf for TeX Liv
e
))
\AtBeginShipoutBox=\box104

*geometry* driver: auto-detecting
*geometry* detected driver: pdftex
*geometry* verbose mode - [ preamble ] result:
* driver: pdftex
* paper: a4paper
* layout: <same size as paper>
* layoutoffset:(h,v)=(0.0pt,0.0pt)
* modes: twoside 
* h-part:(L,W,R)=(86.72377pt, 424.06033pt, 86.72377pt)
* v-part:(T,H,B)=(86.72377pt, 671.5993pt, 86.72377pt)
* \paperwidth=597.50787pt
* \paperheight=845.04684pt
* \textwidth=424.06033pt
* \textheight=671.5993pt
* \oddsidemargin=14.45378pt
* \evensidemargin=14.45378pt
* \topmargin=-17.42001pt
* \headheight=12.0pt
* \headsep=19.8738pt
* \topskip=12.0pt
* \footskip=30.0pt
* \marginparwidth=88.0pt
* \marginparsep=7.0pt
* \columnsep=10.0pt
* \skip\footins=10.8pt plus 4.0pt minus 2.0pt
* \hoffset=0.0pt
* \voffset=0.0pt
* \mag=1000
* \@twocolumnfalse
* \@twosidetrue
* \@mparswitchtrue
* \@reversemarginfalse
* (1in=72.27pt=25.4mm, 1cm=28.453pt)

LaTeX Info: Redefining \it@ocap on input line 17.
LaTeX Info: Redefining \it@ccap on input line 17.

File italian.ldf warning: 
italian.ldf    With OT1 encoding guillemets are poorly faked
italian.ldf    Use T1 encoding
italian.ldf    or specify a font with command \CaporaliFrom
italian.ldf    See the documentation concerning the babel-italian typesetting 
italian.ldf    on input line 17.

Package caption Info: Begin \AtBeginDocument code.
Package caption Info: subfig package v1.3 is loaded.
Package caption Info: End \AtBeginDocument code.
<relazione-frn.pdf, id=1, 597.50829pt x 845.0471pt>
File: relazione-frn.pdf Graphic file (type pdf)
<use relazione-frn.pdf>
Package pdftex.def Info: relazione-frn.pdf  used on input line 19.
(pdftex.def)             Requested size: 597.50682pt x 845.04504pt.
[1


 <./relazione-frn.pdf{/var/lib/texmf/fonts/map/pdftex/updmap/pdftex.map}>]
[2

] (./relazione.toc
LaTeX Font Info:    Trying to load font information for OML+lmm on input line 5
.
 (/usr/share/texmf/tex/latex/lm/omllmm.fd
File: omllmm.fd 2009/10/30 v1.6 Font defs for Latin Modern
)
LaTeX Font Info:    Trying to load font information for OMS+lmsy on input line 
5.

(/usr/share/texmf/tex/latex/lm/omslmsy.fd
File: omslmsy.fd 2009/10/30 v1.6 Font defs for Latin Modern
)
LaTeX Font Info:    Trying to load font information for OMX+lmex on input line 
5.

(/usr/share/texmf/tex/latex/lm/omxlmex.fd
File: omxlmex.fd 2009/10/30 v1.6 Font defs for Latin Modern
)
LaTeX Font Info:    External font `lmex10' loaded for size
(Font)              <12> on input line 5.
LaTeX Font Info:    External font `lmex10' loaded for size
(Font)              <8> on input line 5.
LaTeX Font Info:    External font `lmex10' loaded for size
(Font)              <6> on input line 5.
 [3])
\tf@toc=\write7
\openout7 = `relazione.toc'.

 [4]
Capitolo 1.
[5

] [6]
Capitolo 2.
[7

] [8]
LaTeX Font Info:    External font `lmex10' loaded for size
(Font)              <10> on input line 75.
LaTeX Font Info:    External font `lmex10' loaded for size
(Font)              <7> on input line 75.
LaTeX Font Info:    External font `lmex10' loaded for size
(Font)              <5> on input line 75.
LaTeX Font Info:    Trying to load font information for OT1+lmtt on input line 
84.
 (/usr/share/texmf/tex/latex/lm/ot1lmtt.fd
File: ot1lmtt.fd 2009/10/30 v1.6 Font defs for Latin Modern
)
Underfull \vbox (badness 10000) has occurred while \output is active []

 [9]
Underfull \vbox (badness 10000) has occurred while \output is active []

 [10]
[11] [12

]
Capitolo 3.

Underfull \hbox (badness 10000) in paragraph at lines 90--91

 []

[13] [14]
<images/arcTraccar.png, id=84, 550.4565pt x 372.1905pt>
File: images/arcTraccar.png Graphic file (type png)
<use images/arcTraccar.png>
Package pdftex.def Info: images/arcTraccar.png  used on input line 105.
(pdftex.def)             Requested size: 385.31693pt x 260.53157pt.
 [15 <./images/arcTraccar.png>]
Underfull \hbox (badness 10000) in paragraph at lines 125--126

 []

[16] [17]
Underfull \hbox (badness 10000) in paragraph at lines 146--147

 []

<images/traccDev.png, id=96, 183.68625pt x 237.2865pt>
File: images/traccDev.png Graphic file (type png)
<use images/traccDev.png>
Package pdftex.def Info: images/traccDev.png  used on input line 154.
(pdftex.def)             Requested size: 146.94917pt x 189.82944pt.
<images/zClDev.png, id=97, 226.446pt x 209.583pt>
File: images/zClDev.png Graphic file (type png)
<use images/zClDev.png>
Package pdftex.def Info: images/zClDev.png  used on input line 158.
(pdftex.def)             Requested size: 135.86864pt x 125.75076pt.
[18 <./images/traccDev.png> <./images/zClDev.png>]
<images/traccGr.png, id=103, 154.176pt x 98.769pt>
File: images/traccGr.png Graphic file (type png)
<use images/traccGr.png>
Package pdftex.def Info: images/traccGr.png  used on input line 178.
(pdftex.def)             Requested size: 123.34094pt x 79.01529pt.
<images/zClGr.png, id=104, 217.41225pt x 154.77824pt>
File: images/zClGr.png Graphic file (type png)
<use images/zClGr.png>
Package pdftex.def Info: images/zClGr.png  used on input line 183.
(pdftex.def)             Requested size: 152.18752pt x 108.34402pt.
<images/wks.jpg, id=105, 518.93875pt x 331.2375pt>
File: images/wks.jpg Graphic file (type jpg)
<use images/wks.jpg>
Package pdftex.def Info: images/wks.jpg  used on input line 201.
(pdftex.def)             Requested size: 311.36565pt x 198.74402pt.
<images/groups.jpg, id=106, 520.94624pt x 328.22626pt>
File: images/groups.jpg Graphic file (type jpg)
<use images/groups.jpg>
Package pdftex.def Info: images/groups.jpg  used on input line 206.
(pdftex.def)             Requested size: 312.57016pt x 196.93727pt.
 [19 <./images/traccGr.png> <./images/zClGr.png>] [20 <./images/wks.jpg> <./ima
ges/groups.jpg>]
<images/diagramma.jpg, id=116, 584.1825pt x 1022.82124pt>
File: images/diagramma.jpg Graphic file (type jpg)
<use images/diagramma.jpg>
Package pdftex.def Info: images/diagramma.jpg  used on input line 219.
(pdftex.def)             Requested size: 245.35497pt x 429.58199pt.
 [21 <./images/diagramma.jpg>]
LaTeX Font Info:    Trying to load font information for TS1+lmr on input line 2
26.
 (/usr/share/texmf/tex/latex/lm/ts1lmr.fd
File: ts1lmr.fd 2009/10/30 v1.6 Font defs for Latin Modern
)
Underfull \hbox (badness 10000) in paragraph at lines 229--230

 []

[22]
Capitolo 4.

Underfull \hbox (badness 2111) in paragraph at lines 240--240
[][]\OT1/lmr/m/n/10 OsmAnd (Open-Street-map Au-to-ma-ted Na-vi-ga-tion Di-rec-t
ion pro-to-col) ^^Re un pro-to-col-
 []


Underfull \hbox (badness 2529) in paragraph at lines 240--240
\OT1/lmr/m/n/10 lo di li-ve trac-king uti-liz-za-to dal-l'o-mo-ni-mo soft-ware 
di trac-cia-men-to OsmAnd, es-so si
 []


Underfull \hbox (badness 1721) in paragraph at lines 240--240
\OT1/lmr/m/n/10 pu^^Ro im-pie-ga-re, la-to de-vi-ce, in-se-ren-do nel-la url, a
l-la qua-le il di-spo-si-ti-vo in-ten-de man-
 []


Underfull \hbox (badness 2932) in paragraph at lines 240--240
\OT1/lmr/m/n/10 da-re i da-ti, tut-ti i pa-ra-me-tri ne-ces-sa-ri al-la lo-ca-l
iz-za-zio-ne e iden-ti-fi-ca-zio-ne del de-vi-
 []


Underfull \hbox (badness 1178) in paragraph at lines 240--240
\OT1/lmr/m/n/10 ce stess. Un esem-pio di url strut-tu-ra-ta in ba-se al pro-to-
col-lo OsmAnd ^^Re il se-guen-te:
 []

[23

]
<images/traccar_login_serv.jpg, id=127, 766.865pt x 578.16pt>
File: images/traccar_login_serv.jpg Graphic file (type jpg)
<use images/traccar_login_serv.jpg>
Package pdftex.def Info: images/traccar_login_serv.jpg  used on input line 249.

(pdftex.def)             Requested size: 460.12256pt x 346.89867pt.

Overfull \hbox (36.06223pt too wide) in paragraph at lines 249--249
 [] 
 []

[24]
Underfull \hbox (badness 10000) in paragraph at lines 259--260

 []

[25 <./images/traccar_login_serv.jpg>]
Overfull \hbox (3.37593pt too wide) in paragraph at lines 261--262
\OT1/lmr/m/n/12 in cui trac-car ^^Re spe-ci-fi-ca-to co-me lo-ca-tion (ad esem-
pio trac-car.zerynth.localhost)
 []


Underfull \hbox (badness 1648) in paragraph at lines 271--271
[][]\OT1/lmr/m/n/10 Per en-try-point si in-ten-de l'a-pi espo-sta dal ser-ver, 
ov-ve-ro la par-te di url che ag-
 []

[26] [27]
<images/dev-aut-traccar.jpg, id=142, 757.83125pt x 395.4775pt>
File: images/dev-aut-traccar.jpg Graphic file (type jpg)
<use images/dev-aut-traccar.jpg>
Package pdftex.def Info: images/dev-aut-traccar.jpg  used on input line 303.
(pdftex.def)             Requested size: 454.70226pt x 237.28833pt.

Overfull \hbox (30.64192pt too wide) in paragraph at lines 303--303
 [] 
 []


Underfull \vbox (badness 10000) has occurred while \output is active []

 [28 <./images/dev-aut-traccar.jpg>]
\openout4 = `relazione.pyg'.

runsystem(pygmentize -S default -f latex -P commandprefix=PYG > relazione.out.p
yg)...executed.

 (./relazione.out.pyg)
runsystem(pygmentize -S friendly -f latex -P commandprefix=PYGfriendly > relazi
one.out.pyg)...executed.

 (./relazione.out.pyg)
runsystem(pygmentize -l json -f latex -P commandprefix=PYG -F tokenmerge -o rel
azione.out.pyg relazione.pyg)...executed.


(./relazione.out.pyg
LaTeX Font Info:    Font shape `OT1/lmtt/bx/n' in size <12> not available
(Font)              Font shape `OT1/lmtt/b/n' tried instead on input line 3.
) [29] [30]
\openout4 = `relazione.pyg'.

runsystem(pygmentize -l json -f latex -P commandprefix=PYG -F tokenmerge -o rel
azione.out.pyg relazione.pyg)...executed.

 (./relazione.out.pyg [31]) [32] [33]
<images/dev_create.jpg, id=163, 756.8275pt x 368.37625pt>
File: images/dev_create.jpg Graphic file (type jpg)
<use images/dev_create.jpg>
Package pdftex.def Info: images/dev_create.jpg  used on input line 400.
(pdftex.def)             Requested size: 454.1pt x 221.02744pt.

Overfull \hbox (30.03967pt too wide) in paragraph at lines 400--400
 [] 
 []

[34 <./images/dev_create.jpg>]
\openout4 = `relazione.pyg'.

runsystem(pygmentize -l go -f latex -P commandprefix=PYG -F tokenmerge -o relaz
ione.out.pyg relazione.pyg)...executed.

 (./relazione.out.pyg) [35]
\openout4 = `relazione.pyg'.

runsystem(pygmentize -l json -f latex -P commandprefix=PYG -F tokenmerge -o rel
azione.out.pyg relazione.pyg)...executed.

 (./relazione.out.pyg)
Underfull \hbox (badness 10000) in paragraph at lines 451--452

 []

[36]
\openout4 = `relazione.pyg'.

runsystem(pygmentize -l go -f latex -P commandprefix=PYG -F tokenmerge -o relaz
ione.out.pyg relazione.pyg)...executed.

 (./relazione.out.pyg)
\openout4 = `relazione.pyg'.

runsystem(pygmentize -l json -f latex -P commandprefix=PYG -F tokenmerge -o rel
azione.out.pyg relazione.pyg)...executed.

 (./relazione.out.pyg [37]) [38]
<images/wfd_traccar.jpg, id=181, 564.1075pt x 588.1975pt>
File: images/wfd_traccar.jpg Graphic file (type jpg)
<use images/wfd_traccar.jpg>
Package pdftex.def Info: images/wfd_traccar.jpg  used on input line 496.
(pdftex.def)             Requested size: 282.05305pt x 294.09802pt.

Underfull \hbox (badness 1184) in paragraph at lines 504--504
\OT1/lmr/m/n/10 sie-me di de-vi-ce, in-di-can-do nel-la URL tut-ti gli uni-queI
d, ma ^^Re be-ne no-ta-re che an-che
 []

[39 <./images/wfd_traccar.jpg>]
\openout4 = `relazione.pyg'.

runsystem(pygmentize -l postgresql -f latex -P commandprefix=PYG -F tokenmerge 
-o relazione.out.pyg relazione.pyg)...executed.

 (./relazione.out.pyg) [40] [41] [42

]
Capitolo 5.

Underfull \vbox (badness 1062) has occurred while \output is active []

 [43]
\openout4 = `relazione.pyg'.

runsystem(pygmentize -l python -f latex -P commandprefix=PYG -F tokenmerge -o r
elazione.out.pyg relazione.pyg)...executed.


(./relazione.out.pyg) [44]
\openout4 = `relazione.pyg'.

runsystem(pygmentize -l python -f latex -P commandprefix=PYG -F tokenmerge -o r
elazione.out.pyg relazione.pyg)...executed.

 (./relazione.out.pyg)
\openout4 = `relazione.pyg'.

runsystem(pygmentize -l python -f latex -P commandprefix=PYG -F tokenmerge -o r
elazione.out.pyg relazione.pyg)...executed.

 (./relazione.out.pyg) [45]
\openout4 = `relazione.pyg'.

runsystem(pygmentize -l python -f latex -P commandprefix=PYG -F tokenmerge -o r
elazione.out.pyg relazione.pyg)...executed.


(./relazione.out.pyg
LaTeX Font Info:    Trying to load font information for TS1+lmtt on input line 
11.
 (/usr/share/texmf/tex/latex/lm/ts1lmtt.fd
File: ts1lmtt.fd 2009/10/30 v1.6 Font defs for Latin Modern
))
\openout4 = `relazione.pyg'.

runsystem(pygmentize -l python -f latex -P commandprefix=PYG -F tokenmerge -o r
elazione.out.pyg relazione.pyg)...executed.


(./relazione.out.pyg [46])
Underfull \hbox (badness 10000) in paragraph at lines 635--637

 []

<images/teltotest.jpeg, id=209, 1083.04625pt x 1262.7175pt>
File: images/teltotest.jpeg Graphic file (type jpg)
<use images/teltotest.jpeg>
Package pdftex.def Info: images/teltotest.jpeg  used on input line 638.
(pdftex.def)             Requested size: 216.60541pt x 252.53903pt.

Underfull \vbox (badness 7415) has occurred while \output is active []

 [47]
Underfull \hbox (badness 10000) in paragraph at lines 642--643

 []

[48 <./images/teltotest.jpeg>]
Capitolo 6.
<images/dev.png, id=216, 404.51125pt x 279.0425pt>
File: images/dev.png Graphic file (type png)
<use images/dev.png>
Package pdftex.def Info: images/dev.png  used on input line 657.
(pdftex.def)             Requested size: 214.38994pt x 147.89182pt.
[49

 <./images/dev.png>]
<images/geofence.png, id=222, 404.51125pt x 413.545pt>
File: images/geofence.png Graphic file (type png)
<use images/geofence.png>
Package pdftex.def Info: images/geofence.png  used on input line 664.
(pdftex.def)             Requested size: 242.70862pt x 248.1289pt.

Underfull \hbox (badness 10000) in paragraph at lines 669--671

 []

<images/interfaccia_completa.jpg, id=223, 308.5929pt x 158.5122pt>
File: images/interfaccia_completa.jpg Graphic file (type jpg)
<use images/interfaccia_completa.jpg>
Package pdftex.def Info: images/interfaccia_completa.jpg  used on input line 67
2.
(pdftex.def)             Requested size: 462.8882pt x 237.76772pt.

Overfull \hbox (38.82787pt too wide) in paragraph at lines 672--672
 [] 
 []


Underfull \vbox (badness 10000) has occurred while \output is active []

 [50 <./images/geofence.png>]
<images/reports.png, id=228, 1313.90875pt x 288.07625pt>
File: images/reports.png Graphic file (type png)
<use images/reports.png>
Package pdftex.def Info: images/reports.png  used on input line 680.
(pdftex.def)             Requested size: 394.17567pt x 86.42354pt.

Underfull \hbox (badness 10000) in paragraph at lines 689--690

 []


Underfull \vbox (badness 4072) has occurred while \output is active []

 [51 <./images/interfaccia_completa.jpg> <./images/reports.png>]
Underfull \vbox (badness 10000) has occurred while \output is active []

 [52]
Underfull \vbox (badness 10000) has occurred while \output is active []

 [53]
[54] [55] (./relazione.aux)
runsystem(rm relazione.pyg)...executed.

runsystem(rm relazione.out.pyg)...executed.

 ) 
Here is how much of TeX's memory you used:
 8856 strings out of 483172
 152527 string characters out of 5965816
 461376 words of memory out of 5000000
 23633 multiletter control sequences out of 15000+600000
 588445 words of font info for 60 fonts, out of 8000000 for 9000
 14 hyphenation exceptions out of 8191
 64i,11n,102p,1835b,555s stack positions out of 5000i,500n,10000p,200000b,80000s
{/usr/share/texmf/fonts/enc/dvips/lm/lm-ts1.enc}{/usr/share/texmf/fonts/enc/d
vips/lm/lm-rmtt.enc}{/usr/share/texmf/fonts/enc/dvips/lm/lm-rm.enc}</usr/share/
texlive/texmf-dist/fonts/type1/public/amsfonts/cm/cmr10.pfb></usr/share/texlive
/texmf-dist/fonts/type1/public/amsfonts/cm/cmr12.pfb></usr/share/texlive/texmf-
dist/fonts/type1/public/amsfonts/cm/cmr9.pfb></usr/share/texlive/texmf-dist/fon
ts/type1/public/amsfonts/cm/cmss10.pfb></usr/share/texlive/texmf-dist/fonts/typ
e1/public/amsfonts/cm/cmss17.pfb></usr/share/texmf/fonts/type1/public/lm/lmbx12
.pfb></usr/share/texmf/fonts/type1/public/lm/lmr10.pfb></usr/share/texmf/fonts/
type1/public/lm/lmr12.pfb></usr/share/texmf/fonts/type1/public/lm/lmr7.pfb></us
r/share/texmf/fonts/type1/public/lm/lmr8.pfb></usr/share/texmf/fonts/type1/publ
ic/lm/lmri10.pfb></usr/share/texmf/fonts/type1/public/lm/lmri12.pfb></usr/share
/texmf/fonts/type1/public/lm/lmro12.pfb></usr/share/texmf/fonts/type1/public/lm
/lmtk10.pfb></usr/share/texmf/fonts/type1/public/lm/lmtt10.pfb></usr/share/texm
f/fonts/type1/public/lm/lmtt12.pfb></usr/share/texmf/fonts/type1/public/lm/lmtt
i10.pfb>
Output written on relazione.pdf (55 pages, 1297817 bytes).
PDF statistics:
 297 PDF objects out of 1000 (max. 8388607)
 194 compressed objects within 2 object streams
 0 named destinations out of 1000 (max. 500000)
 91 words of extra memory for PDF output out of 10000 (max. 10000000)

